<?xml version="1.0" encoding="UTF-8"?>
<testsuite xmlns:xsi="http://www.w3.org/2001/XMLSchema-instance" xsi:noNamespaceSchemaLocation="https://maven.apache.org/surefire/maven-surefire-plugin/xsd/surefire-test-report-3.0.xsd" version="3.0" name="com.hktorab.ApiCaller.ApiCallerApplicationTests" time="1.899" tests="1" errors="0" skipped="0" failures="0">
  <properties>
[...]
</properties>
  <testcase name="contextLoads" classname="com.hktorab.ApiCaller.ApiCallerApplicationTests" time="0.562">
    <system-out><![CDATA[09:31:19.796 [main] INFO org.springframework.test.context.support.AnnotationConfigContextLoaderUtils -- Could not detect default configuration classes for test class [com.hktorab.ApiCaller.ApiCallerApplicationTests]: ApiCallerApplicationTests does not declare any static, non-private, non-final, nested classes annotated with @Configuration.
09:31:19.881 [main] INFO org.springframework.boot.test.context.SpringBootTestContextBootstrapper -- Found @SpringBootConfiguration com.hktorab.ApiCaller.ApiCallerApplication for test class com.hktorab.ApiCaller.ApiCallerApplicationTests

  .   ____          _            __ _ _
 /\\ / ___'_ __ _ _(_)_ __  __ _ \ \ \ \
( ( )\___ | '_ | '_| | '_ \/ _` | \ \ \ \
 \\/  ___)| |_)| | | | | || (_| |  ) ) ) )
  '  |____| .__|_| |_|_| |_\__, | / / / /
 =========|_|==============|___/=/_/_/_/
 :: Spring Boot ::       (v3.2.0-SNAPSHOT)

2023-07-06T09:31:20.162+06:00  INFO 22024 --- [           main] c.h.ApiCaller.ApiCallerApplicationTests  : Starting ApiCallerApplicationTests using Java 19.0.1 with PID 22024 (started by HumayunKabir in D:\Personal\Business Development\github\ApiCaller)
2023-07-06T09:31:20.163+06:00  INFO 22024 --- [           main] c.h.ApiCaller.ApiCallerApplicationTests  : No active profile set, falling back to 1 default profile: "default"
2023-07-06T09:31:21.004+06:00  INFO 22024 --- [           main] c.h.ApiCaller.ApiCallerApplicationTests  : Started ApiCallerApplicationTests in 1.023 seconds (process running for 1.677)
]]></system-out>
  </testcase>
</testsuite>